  InventoryManager.cpp
C:\Users\sdros\Desktop\CSC202\Final Project\CSC202_FinalProject\RecipeInventoryManager\RecipeInventoryManager\InventoryManager.cpp(91,36): warning C4244: '=': conversion from 'double' to 'int', possible loss of data
C:\Users\sdros\Desktop\CSC202\Final Project\CSC202_FinalProject\RecipeInventoryManager\RecipeInventoryManager\InventoryManager.cpp(116,21): warning C4018: '<': signed/unsigned mismatch
C:\Users\sdros\Desktop\CSC202\Final Project\CSC202_FinalProject\RecipeInventoryManager\RecipeInventoryManager\InventoryManager.cpp(133,32): warning C4244: '=': conversion from 'double' to 'int', possible loss of data
C:\Users\sdros\Desktop\CSC202\Final Project\CSC202_FinalProject\RecipeInventoryManager\RecipeInventoryManager\InventoryManager.cpp(144,21): warning C4018: '<': signed/unsigned mismatch
C:\Users\sdros\Desktop\CSC202\Final Project\CSC202_FinalProject\RecipeInventoryManager\RecipeInventoryManager\InventoryManager.cpp(152,41): warning C4244: '=': conversion from 'double' to 'int', possible loss of data
C:\Users\sdros\Desktop\CSC202\Final Project\CSC202_FinalProject\RecipeInventoryManager\RecipeInventoryManager\InventoryManager.cpp(186,21): warning C4018: '<': signed/unsigned mismatch
C:\Users\sdros\Desktop\CSC202\Final Project\CSC202_FinalProject\RecipeInventoryManager\RecipeInventoryManager\InventoryManager.cpp(277,21): warning C4018: '<': signed/unsigned mismatch
  RecipeInventoryManager.cpp
C:\Users\sdros\Desktop\CSC202\Final Project\CSC202_FinalProject\RecipeInventoryManager\RecipeInventoryManager\RecipeManager.cpp(88,21): warning C4018: '<': signed/unsigned mismatch
C:\Users\sdros\Desktop\CSC202\Final Project\CSC202_FinalProject\RecipeInventoryManager\RecipeInventoryManager\RecipeManager.cpp(243,21): warning C4018: '<': signed/unsigned mismatch
C:\Users\sdros\Desktop\CSC202\Final Project\CSC202_FinalProject\RecipeInventoryManager\RecipeInventoryManager\InventoryManager.cpp(91,36): warning C4244: '=': conversion from 'double' to 'int', possible loss of data
C:\Users\sdros\Desktop\CSC202\Final Project\CSC202_FinalProject\RecipeInventoryManager\RecipeInventoryManager\InventoryManager.cpp(116,21): warning C4018: '<': signed/unsigned mismatch
C:\Users\sdros\Desktop\CSC202\Final Project\CSC202_FinalProject\RecipeInventoryManager\RecipeInventoryManager\InventoryManager.cpp(133,32): warning C4244: '=': conversion from 'double' to 'int', possible loss of data
C:\Users\sdros\Desktop\CSC202\Final Project\CSC202_FinalProject\RecipeInventoryManager\RecipeInventoryManager\InventoryManager.cpp(144,21): warning C4018: '<': signed/unsigned mismatch
C:\Users\sdros\Desktop\CSC202\Final Project\CSC202_FinalProject\RecipeInventoryManager\RecipeInventoryManager\InventoryManager.cpp(152,41): warning C4244: '=': conversion from 'double' to 'int', possible loss of data
C:\Users\sdros\Desktop\CSC202\Final Project\CSC202_FinalProject\RecipeInventoryManager\RecipeInventoryManager\InventoryManager.cpp(186,21): warning C4018: '<': signed/unsigned mismatch
C:\Users\sdros\Desktop\CSC202\Final Project\CSC202_FinalProject\RecipeInventoryManager\RecipeInventoryManager\InventoryManager.cpp(277,21): warning C4018: '<': signed/unsigned mismatch
  RecipeManager.cpp
C:\Users\sdros\Desktop\CSC202\Final Project\CSC202_FinalProject\RecipeInventoryManager\RecipeInventoryManager\RecipeManager.cpp(88,21): warning C4018: '<': signed/unsigned mismatch
C:\Users\sdros\Desktop\CSC202\Final Project\CSC202_FinalProject\RecipeInventoryManager\RecipeInventoryManager\RecipeManager.cpp(243,21): warning C4018: '<': signed/unsigned mismatch
  Generating Code...
  RecipeInventoryManager.vcxproj -> C:\Users\sdros\Desktop\CSC202\Final Project\CSC202_FinalProject\RecipeInventoryManager\Debug\RecipeInventoryManager.exe
